[debug] [2024-11-09T18:04:55.916Z] ----------------------------------------------------------------------
[debug] [2024-11-09T18:04:55.918Z] Command:       C:\Program Files\nodejs\node.exe C:\Users\Catdrout\AppData\Roaming\npm\node_modules\firebase-tools\lib\bin\firebase.js init functions
[debug] [2024-11-09T18:04:55.918Z] CLI Version:   13.23.1
[debug] [2024-11-09T18:04:55.918Z] Platform:      win32
[debug] [2024-11-09T18:04:55.918Z] Node Version:  v20.18.0
[debug] [2024-11-09T18:04:55.918Z] Time:          Sat Nov 09 2024 19:04:55 GMT+0100 (Central European Standard Time)
[debug] [2024-11-09T18:04:55.918Z] ----------------------------------------------------------------------
[debug] 
[debug] [2024-11-09T18:04:55.959Z] > command requires scopes: ["email","openid","https://www.googleapis.com/auth/cloudplatformprojects.readonly","https://www.googleapis.com/auth/firebase","https://www.googleapis.com/auth/cloud-platform"]
[debug] [2024-11-09T18:04:55.959Z] > authorizing via signed-in user (rw4fdy6k@duck.com)
[info] 
     ######## #### ########  ######## ########     ###     ######  ########
     ##        ##  ##     ## ##       ##     ##  ##   ##  ##       ##
     ######    ##  ########  ######   ########  #########  ######  ######
     ##        ##  ##    ##  ##       ##     ## ##     ##       ## ##
     ##       #### ##     ## ######## ########  ##     ##  ######  ########

You're about to initialize a Firebase project in this directory:

  C:\Users\Catdrout\Downloads\aaaa\project

Before we get started, keep in mind:

  * You are initializing within an existing Firebase project directory

[info] 
=== Project Setup
[info] 
[info] First, let's associate this project directory with a Firebase project.
[info] You can create multiple project aliases by running firebase use --add, 
[info] but for now we'll just set up a default project.
[info] 
[debug] [2024-11-09T18:04:57.785Z] Using project from CLI flag: freelance-17abc
[debug] [2024-11-09T18:04:57.786Z] Checked if tokens are valid: true, expires at: 1731178129951
[debug] [2024-11-09T18:04:57.786Z] Checked if tokens are valid: true, expires at: 1731178129951
[debug] [2024-11-09T18:04:57.787Z] >>> [apiv2][query] GET https://firebase.googleapis.com/v1beta1/projects/freelance-17abc [none]
[debug] [2024-11-09T18:04:58.083Z] <<< [apiv2][status] GET https://firebase.googleapis.com/v1beta1/projects/freelance-17abc 200
[debug] [2024-11-09T18:04:58.083Z] <<< [apiv2][body] GET https://firebase.googleapis.com/v1beta1/projects/freelance-17abc {"projectId":"freelance-17abc","projectNumber":"303668543882","displayName":"freelance","name":"projects/freelance-17abc","resources":{"hostingSite":"freelance-17abc"},"state":"ACTIVE","etag":"1_e5fbb9d6-d9ee-49a4-b0a3-b4ad26fd4c99"}
[info] i  Using project freelance-17abc (freelance) 
[info] 
=== Functions Setup
[debug] [2024-11-09T18:04:58.086Z] > command requires scopes: ["email","openid","https://www.googleapis.com/auth/cloudplatformprojects.readonly","https://www.googleapis.com/auth/firebase","https://www.googleapis.com/auth/cloud-platform"]
[debug] [2024-11-09T18:04:58.086Z] > authorizing via signed-in user (rw4fdy6k@duck.com)
[debug] [2024-11-09T18:04:58.086Z] [iam] checking project freelance-17abc for permissions ["firebase.projects.get"]
[debug] [2024-11-09T18:04:58.086Z] Checked if tokens are valid: true, expires at: 1731178129951
[debug] [2024-11-09T18:04:58.086Z] Checked if tokens are valid: true, expires at: 1731178129951
[debug] [2024-11-09T18:04:58.086Z] >>> [apiv2][query] POST https://cloudresourcemanager.googleapis.com/v1/projects/freelance-17abc:testIamPermissions [none]
[debug] [2024-11-09T18:04:58.087Z] >>> [apiv2][(partial)header] POST https://cloudresourcemanager.googleapis.com/v1/projects/freelance-17abc:testIamPermissions x-goog-quota-user=projects/freelance-17abc
[debug] [2024-11-09T18:04:58.087Z] >>> [apiv2][body] POST https://cloudresourcemanager.googleapis.com/v1/projects/freelance-17abc:testIamPermissions {"permissions":["firebase.projects.get"]}
[debug] [2024-11-09T18:04:58.795Z] <<< [apiv2][status] POST https://cloudresourcemanager.googleapis.com/v1/projects/freelance-17abc:testIamPermissions 200
[debug] [2024-11-09T18:04:58.795Z] <<< [apiv2][body] POST https://cloudresourcemanager.googleapis.com/v1/projects/freelance-17abc:testIamPermissions {"permissions":["firebase.projects.get"]}
[debug] [2024-11-09T18:04:58.795Z] Checked if tokens are valid: true, expires at: 1731178129951
[debug] [2024-11-09T18:04:58.795Z] Checked if tokens are valid: true, expires at: 1731178129951
[debug] [2024-11-09T18:04:58.795Z] Checked if tokens are valid: true, expires at: 1731178129951
[debug] [2024-11-09T18:04:58.795Z] Checked if tokens are valid: true, expires at: 1731178129951
[debug] [2024-11-09T18:04:58.795Z] >>> [apiv2][query] GET https://serviceusage.googleapis.com/v1/projects/freelance-17abc/services/cloudfunctions.googleapis.com [none]
[debug] [2024-11-09T18:04:58.795Z] >>> [apiv2][(partial)header] GET https://serviceusage.googleapis.com/v1/projects/freelance-17abc/services/cloudfunctions.googleapis.com x-goog-quota-user=projects/freelance-17abc
[debug] [2024-11-09T18:04:58.796Z] >>> [apiv2][query] GET https://serviceusage.googleapis.com/v1/projects/freelance-17abc/services/runtimeconfig.googleapis.com [none]
[debug] [2024-11-09T18:04:58.796Z] >>> [apiv2][(partial)header] GET https://serviceusage.googleapis.com/v1/projects/freelance-17abc/services/runtimeconfig.googleapis.com x-goog-quota-user=projects/freelance-17abc
[debug] [2024-11-09T18:04:59.765Z] <<< [apiv2][status] GET https://serviceusage.googleapis.com/v1/projects/freelance-17abc/services/cloudfunctions.googleapis.com 200
[debug] [2024-11-09T18:04:59.765Z] <<< [apiv2][body] GET https://serviceusage.googleapis.com/v1/projects/freelance-17abc/services/cloudfunctions.googleapis.com [omitted]
[debug] [2024-11-09T18:04:59.765Z] Checked if tokens are valid: true, expires at: 1731178129951
[debug] [2024-11-09T18:04:59.765Z] Checked if tokens are valid: true, expires at: 1731178129951
[debug] [2024-11-09T18:04:59.765Z] >>> [apiv2][query] POST https://serviceusage.googleapis.com/v1/projects/freelance-17abc/services/cloudfunctions.googleapis.com:enable [none]
[debug] [2024-11-09T18:04:59.765Z] >>> [apiv2][(partial)header] POST https://serviceusage.googleapis.com/v1/projects/freelance-17abc/services/cloudfunctions.googleapis.com:enable x-goog-quota-user=projects/freelance-17abc
[debug] [2024-11-09T18:04:59.766Z] <<< [apiv2][status] GET https://serviceusage.googleapis.com/v1/projects/freelance-17abc/services/runtimeconfig.googleapis.com 200
[debug] [2024-11-09T18:04:59.766Z] <<< [apiv2][body] GET https://serviceusage.googleapis.com/v1/projects/freelance-17abc/services/runtimeconfig.googleapis.com [omitted]
[debug] [2024-11-09T18:05:00.939Z] <<< [apiv2][status] POST https://serviceusage.googleapis.com/v1/projects/freelance-17abc/services/cloudfunctions.googleapis.com:enable 200
[debug] [2024-11-09T18:05:00.939Z] <<< [apiv2][body] POST https://serviceusage.googleapis.com/v1/projects/freelance-17abc/services/cloudfunctions.googleapis.com:enable [omitted]
[debug] [2024-11-09T18:05:10.940Z] Checked if tokens are valid: true, expires at: 1731178129951
[debug] [2024-11-09T18:05:10.940Z] Checked if tokens are valid: true, expires at: 1731178129951
[debug] [2024-11-09T18:05:10.940Z] >>> [apiv2][query] GET https://serviceusage.googleapis.com/v1/projects/freelance-17abc/services/cloudfunctions.googleapis.com [none]
[debug] [2024-11-09T18:05:10.940Z] >>> [apiv2][(partial)header] GET https://serviceusage.googleapis.com/v1/projects/freelance-17abc/services/cloudfunctions.googleapis.com x-goog-quota-user=projects/freelance-17abc
[debug] [2024-11-09T18:05:11.871Z] <<< [apiv2][status] GET https://serviceusage.googleapis.com/v1/projects/freelance-17abc/services/cloudfunctions.googleapis.com 200
[debug] [2024-11-09T18:05:11.871Z] <<< [apiv2][body] GET https://serviceusage.googleapis.com/v1/projects/freelance-17abc/services/cloudfunctions.googleapis.com [omitted]
[info] 
Detected existing codebase(s): default

[info] Let's create a new codebase for your functions.
[info] A directory corresponding to the codebase will be created in your project
[info] with sample code pre-configured.

[info] See https://firebase.google.com/docs/functions/organize-functions for
[info] more information on organizing your functions using codebases.

[info] Functions can be deployed with firebase deploy.

